2026.07.14 00:17:13 WARN  Using H2 2.4.240 which is newer than the version Flyway has been verified with. The latest verified version of H2 is 2.3.232.
2026.07.14 00:17:13 INFO  no build target found for C:\Users\USER\Desktop\Asistente-diagnostico-medico\medical-diagnostic\scala\src\main\scala\Main.scala. Using presentation compiler with project's scala-library version: 3.3.7
2026.07.14 00:17:18 INFO  no build target found for C:\Users\USER\Desktop\Asistente-diagnostico-medico\medical-diagnostic\scala\src\main\scala\Main.scala. Using presentation compiler with project's scala-library version: 3.3.7
2026.07.14 00:17:21 INFO  Running List(C:\Users\USER\AppData\Local\Coursier\data\bin\scala-cli.BAT, setup-ide, C:\Users\USER\Desktop\Asistente-diagnostico-medico)
2026.07.14 00:17:22 INFO  Attempting to connect to the build server...
2026.07.14 00:17:22 INFO  Running BSP server List(C:\Users\USER\AppData\Local\Coursier\data\bin\.scala-cli.aux.exe, bsp, --json-options, C:\Users\USER\Desktop\Asistente-diagnostico-medico\.scala-build\ide-options-v2.json, --json-launcher-options, C:\Users\USER\Desktop\Asistente-diagnostico-medico\.scala-build\ide-launcher-options.json, --envs-file, C:\Users\USER\Desktop\Asistente-diagnostico-medico\.scala-build\ide-envs.json, C:\Users\USER\Desktop\Asistente-diagnostico-medico)
2026.07.14 00:17:21 INFO  tracing is disabled for protocol BSP, to enable tracing of incoming and outgoing JSON messages create an empty file at C:\Users\USER\Desktop\Asistente-diagnostico-medico\.metals\bsp.trace.json or C:\Users\USER\AppData\Local\scalameta\metals\cache\bsp.trace.json
2026.07.14 00:17:26 INFO  BSP server: Starting compilation server
2026.07.14 00:17:30 INFO  no build target found for C:\Users\USER\Desktop\Asistente-diagnostico-medico\medical-diagnostic\scala\src\main\scala\Main.scala. Using presentation compiler with project's scala-library version: 3.3.7
2026.07.14 00:17:31 INFO  time: Connected to build server in 9.67s
2026.07.14 00:17:31 INFO  Connected to Build server: scala-cli v1.14.0
2026.07.14 00:17:32 INFO  time: Imported build in 1.1s
2026.07.14 00:17:34 INFO  compiling asistente-diagnostico-medico_874c71184e (1 scala source)
2026.07.14 00:17:38 WARN  Using H2 2.4.240 which is newer than the version Flyway has been verified with. The latest verified version of H2 is 2.3.232.
2026.07.14 00:17:43 INFO  time: indexed workspace in 10s
2026.07.14 00:17:53 WARN  there were 3 deprecation warnings; re-run with -deprecation for details
2026.07.14 00:17:54 INFO  time: compiled Asistente-diagnostico-medico_874c71184e in 20s
jul. 14, 2026 12:18:40 A. M. org.eclipse.lsp4j.jsonrpc.services.GenericEndpoint notify
INFO: Unsupported notification method: $/setTrace
jul. 14, 2026 12:18:42 A. M. org.eclipse.lsp4j.jsonrpc.services.GenericEndpoint notify
INFO: Unsupported notification method: $/setTrace
2026.07.14 00:26:23 INFO  compiling asistente-diagnostico-medico_874c71184e (1 scala source)
2026.07.14 00:26:25 WARN  there were 3 deprecation warnings; re-run with -deprecation for details
2026.07.14 00:26:25 INFO  time: compiled Asistente-diagnostico-medico_874c71184e in 1.89s
jul. 14, 2026 12:27:11 A. M. org.eclipse.lsp4j.jsonrpc.services.GenericEndpoint notify
INFO: Unsupported notification method: $/setTrace
jul. 14, 2026 12:27:11 A. M. org.eclipse.lsp4j.jsonrpc.services.GenericEndpoint notify
INFO: Unsupported notification method: $/setTrace
jul. 14, 2026 12:27:11 A. M. org.eclipse.lsp4j.jsonrpc.services.GenericEndpoint notify
INFO: Unsupported notification method: $/setTrace
2026.07.14 00:29:50 INFO  Started: Metals version 1.6.7 in folders 'C:\Users\USER\Desktop\Asistente-diagnostico-medico' for client Visual Studio Code 1.127.0.
2026.07.14 00:29:50 INFO  Memory monitor started
2026.07.14 00:29:54 WARN  Using H2 2.4.240 which is newer than the version Flyway has been verified with. The latest verified version of H2 is 2.3.232.
2026.07.14 00:29:54 INFO  no build target found for C:\Users\USER\Desktop\Asistente-diagnostico-medico\medical-diagnostic\scala\src\main\scala\Main.scala. Using presentation compiler with project's scala-library version: 3.3.7
2026.07.14 00:29:56 INFO  no build target found for C:\Users\USER\Desktop\Asistente-diagnostico-medico\medical-diagnostic\scala\src\main\scala\Main.scala. Using presentation compiler with project's scala-library version: 3.3.7
2026.07.14 00:29:56 INFO  Attempting to connect to the build server...
2026.07.14 00:29:56 INFO  Running BSP server List(C:\Users\USER\AppData\Local\Coursier\data\bin\.scala-cli.aux.exe, bsp, --json-options, C:\Users\USER\Desktop\Asistente-diagnostico-medico\.scala-build\ide-options-v2.json, --json-launcher-options, C:\Users\USER\Desktop\Asistente-diagnostico-medico\.scala-build\ide-launcher-options.json, --envs-file, C:\Users\USER\Desktop\Asistente-diagnostico-medico\.scala-build\ide-envs.json, C:\Users\USER\Desktop\Asistente-diagnostico-medico)
2026.07.14 00:29:56 INFO  tracing is disabled for protocol BSP, to enable tracing of incoming and outgoing JSON messages create an empty file at C:\Users\USER\Desktop\Asistente-diagnostico-medico\.metals\bsp.trace.json or C:\Users\USER\AppData\Local\scalameta\metals\cache\bsp.trace.json
2026.07.14 00:29:57 INFO  BSP server: Starting compilation server
2026.07.14 00:30:02 INFO  time: Connected to build server in 6.04s
2026.07.14 00:30:02 INFO  Connected to Build server: scala-cli v1.14.0
2026.07.14 00:30:02 INFO  time: Imported build in 0.17s
2026.07.14 00:30:08 WARN  Using H2 2.4.240 which is newer than the version Flyway has been verified with. The latest verified version of H2 is 2.3.232.
2026.07.14 00:30:08 INFO  time: indexed workspace in 6.26s
jul. 14, 2026 12:32:19 A. M. org.eclipse.lsp4j.jsonrpc.services.GenericEndpoint notify
INFO: Unsupported notification method: $/setTrace
jul. 14, 2026 12:32:20 A. M. org.eclipse.lsp4j.jsonrpc.services.GenericEndpoint notify
INFO: Unsupported notification method: $/setTrace
jul. 14, 2026 12:32:20 A. M. org.eclipse.lsp4j.jsonrpc.services.GenericEndpoint notify
INFO: Unsupported notification method: $/setTrace
2026.07.14 00:32:20 INFO  Shutting down server
2026.07.14 00:32:20 INFO  Memory monitor stopped
2026.07.14 00:32:20 INFO  shutting down Metals
2026.07.14 00:32:20 INFO  Shut down connection with build server.
2026.07.14 00:32:20 INFO  Exiting server
2026.07.14 08:47:32 INFO  Started: Metals version 1.6.7 in folders 'C:\Users\USER\Desktop\Asistente-diagnostico-medico' for client Visual Studio Code 1.127.0.
2026.07.14 08:47:32 INFO  Memory monitor started
2026.07.14 08:47:34 WARN  Using H2 2.4.240 which is newer than the version Flyway has been verified with. The latest verified version of H2 is 2.3.232.
2026.07.14 08:47:35 INFO  Attempting to connect to the build server...
2026.07.14 08:47:35 INFO  Running BSP server List(C:\Users\USER\AppData\Local\Coursier\data\bin\.scala-cli.aux.exe, bsp, --json-options, C:\Users\USER\Desktop\Asistente-diagnostico-medico\.scala-build\ide-options-v2.json, --json-launcher-options, C:\Users\USER\Desktop\Asistente-diagnostico-medico\.scala-build\ide-launcher-options.json, --envs-file, C:\Users\USER\Desktop\Asistente-diagnostico-medico\.scala-build\ide-envs.json, C:\Users\USER\Desktop\Asistente-diagnostico-medico)
2026.07.14 08:47:35 INFO  tracing is disabled for protocol BSP, to enable tracing of incoming and outgoing JSON messages create an empty file at C:\Users\USER\Desktop\Asistente-diagnostico-medico\.metals\bsp.trace.json or C:\Users\USER\AppData\Local\scalameta\metals\cache\bsp.trace.json
2026.07.14 08:47:36 INFO  BSP server: Starting compilation server
2026.07.14 08:47:40 INFO  time: Connected to build server in 5.89s
2026.07.14 08:47:40 INFO  Connected to Build server: scala-cli v1.14.0
2026.07.14 08:47:40 INFO  time: Imported build in 0.21s
2026.07.14 08:47:46 WARN  Using H2 2.4.240 which is newer than the version Flyway has been verified with. The latest verified version of H2 is 2.3.232.
2026.07.14 08:47:46 INFO  time: indexed workspace in 5.36s
jul. 14, 2026 8:48:00 A. M. org.eclipse.lsp4j.jsonrpc.RemoteEndpoint handleCancellation
WARNING: Unmatched cancel notification for request id 1
jul. 14, 2026 9:14:15 A. M. org.eclipse.lsp4j.jsonrpc.RemoteEndpoint handleCancellation
WARNING: Unmatched cancel notification for request id 11
jul. 14, 2026 9:14:15 A. M. org.eclipse.lsp4j.jsonrpc.RemoteEndpoint handleCancellation
WARNING: Unmatched cancel notification for request id 14
2026.07.14 09:50:40 INFO  Shutting down server
2026.07.14 09:50:40 INFO  Memory monitor stopped
2026.07.14 09:50:40 INFO  shutting down Metals
2026.07.14 09:50:40 INFO  Shut down connection with build server.
2026.07.14 09:50:40 INFO  Exiting server
2026.07.18 19:43:54 INFO  Started: Metals version 1.6.7 in folders 'C:\Users\USER\Desktop\Asistente-diagnostico-medico' for client Visual Studio Code 1.128.1.
2026.07.18 19:43:54 INFO  Memory monitor started
2026.07.18 19:43:58 WARN  Using H2 2.4.240 which is newer than the version Flyway has been verified with. The latest verified version of H2 is 2.3.232.
2026.07.18 19:43:59 INFO  Attempting to connect to the build server...
2026.07.18 19:43:59 INFO  Running BSP server List(C:\Users\USER\AppData\Local\Coursier\data\bin\.scala-cli.aux.exe, bsp, --json-options, C:\Users\USER\Desktop\Asistente-diagnostico-medico\.scala-build\ide-options-v2.json, --json-launcher-options, C:\Users\USER\Desktop\Asistente-diagnostico-medico\.scala-build\ide-launcher-options.json, --envs-file, C:\Users\USER\Desktop\Asistente-diagnostico-medico\.scala-build\ide-envs.json, C:\Users\USER\Desktop\Asistente-diagnostico-medico)
2026.07.18 19:44:00 INFO  tracing is disabled for protocol BSP, to enable tracing of incoming and outgoing JSON messages create an empty file at C:\Users\USER\Desktop\Asistente-diagnostico-medico\.metals\bsp.trace.json or C:\Users\USER\AppData\Local\scalameta\metals\cache\bsp.trace.json
2026.07.18 19:44:08 INFO  BSP server: Starting compilation server
2026.07.18 19:44:15 INFO  time: Connected to build server in 16s
2026.07.18 19:44:15 INFO  Connected to Build server: scala-cli v1.14.0
2026.07.18 19:44:16 INFO  time: Imported build in 0.71s
2026.07.18 19:44:20 INFO  compiling asistente-diagnostico-medico_874c71184e (1 scala source)
2026.07.18 19:44:28 WARN  Using H2 2.4.240 which is newer than the version Flyway has been verified with. The latest verified version of H2 is 2.3.232.
2026.07.18 19:44:28 INFO  time: indexed workspace in 12s
2026.07.18 19:44:31 WARN  there were 3 deprecation warnings; re-run with -deprecation for details
2026.07.18 19:44:31 INFO  time: compiled Asistente-diagnostico-medico_874c71184e in 11s
2026.07.18 19:47:51 INFO  compiling asistente-diagnostico-medico_874c71184e (1 scala source)
2026.07.18 19:47:54 WARN  there were 3 deprecation warnings; re-run with -deprecation for details
2026.07.18 19:47:54 INFO  time: compiled Asistente-diagnostico-medico_874c71184e in 2.67s
2026.07.18 20:03:55 INFO  compiling asistente-diagnostico-medico_874c71184e (1 scala source)
2026.07.18 20:03:56 WARN  there were 3 deprecation warnings; re-run with -deprecation for details
2026.07.18 20:03:56 INFO  time: compiled Asistente-diagnostico-medico_874c71184e in 1.73s
2026.07.18 20:09:04 INFO  compiling asistente-diagnostico-medico_874c71184e (1 scala source)
2026.07.18 20:09:05 WARN  there were 3 deprecation warnings; re-run with -deprecation for details
2026.07.18 20:09:05 INFO  time: compiled Asistente-diagnostico-medico_874c71184e in 1.35s
